<?xml version="1.0" encoding="UTF-8"?>
<!-- Generated by org.testng.reporters.JUnitXMLReporter -->
<testsuite hostname="mrsz.local" ignored="0" name="Default test" tests="3" failures="0" timestamp="2020-10-19T20:11:52 CDT" time="34.035" errors="0">
  <testcase name="addEmployeeTest" time="10.929" classname="com.qa.orangehrm.tests.AddEmployeeTest"/>
  <testcase name="addEmployeeTest" time="5.854" classname="com.qa.orangehrm.tests.AddEmployeeTest"/>
  <testcase name="addEmployeeTest" time="5.883" classname="com.qa.orangehrm.tests.AddEmployeeTest"/>
</testsuite> <!-- Default test -->
