<?xml version="1.0" encoding="UTF-8"?>
<!-- Generated by org.testng.reporters.JUnitXMLReporter -->
<testsuite hostname="mrsz.local" ignored="6" name="Orange HRM Smoke Tests" tests="1" failures="0" timestamp="2020-10-19T08:43:19 CDT" time="4.757" errors="0">
  <testcase name="loginTest" time="1.817" classname="com.qa.orangehrm.tests.LoginPageTest"/>
  <testcase name="verifyHomePageHeader" time="0.0" classname="com.qa.orangehrm.tests.HomePageTest">
    <ignored/>
  </testcase> <!-- verifyHomePageHeader -->
  <testcase name="verifyHomePageTitle" time="0.0" classname="com.qa.orangehrm.tests.HomePageTest">
    <ignored/>
  </testcase> <!-- verifyHomePageTitle -->
  <testcase name="verifyLoginPageTitle" time="0.0" classname="com.qa.orangehrm.tests.LoginPageTest">
    <ignored/>
  </testcase> <!-- verifyLoginPageTitle -->
  <testcase name="verifyAuthentication" time="0.0" classname="com.qa.orangehrm.tests.HomePageTest">
    <ignored/>
  </testcase> <!-- verifyAuthentication -->
  <testcase name="verifyForgetPassLink" time="0.0" classname="com.qa.orangehrm.tests.LoginPageTest">
    <ignored/>
  </testcase> <!-- verifyForgetPassLink -->
  <testcase name="verifyLoggedInUserAccount" time="0.0" classname="com.qa.orangehrm.tests.HomePageTest">
    <ignored/>
  </testcase> <!-- verifyLoggedInUserAccount -->
</testsuite> <!-- Orange HRM Smoke Tests -->
