<?xml version="1.0" encoding="UTF-8"?>
<!-- Generated by org.testng.reporters.JUnitXMLReporter -->
<testsuite hostname="mrsz.local" ignored="1" name="Command line test" tests="2" failures="0" timestamp="19 Oct 2020 17:16:31 GMT" time="8.341" errors="0">
  <testcase name="verifyHomePageTitle" time="0.006" classname="com.qa.orangehrm.tests.HomePageTest"/>
  <testcase name="verifyLoginPageTitle" time="0.007" classname="com.qa.orangehrm.tests.LoginPageTest"/>
  <testcase name="Login_InvalidTestCase" time="0.0" classname="com.qa.orangehrm.tests.LoginPageTest">
    <ignored/>
  </testcase> <!-- Login_InvalidTestCase -->
</testsuite> <!-- Command line test -->
