<?xml version="1.0" encoding="UTF-8"?>
<!-- Generated by org.testng.reporters.JUnitXMLReporter -->
<testsuite hostname="mrsz.local" ignored="1" name="Orange HRM Regression Tests" tests="3" failures="1" timestamp="2020-10-20T12:10:08 CDT" time="72.225" errors="0">
  <testcase name="verifyLoginPageTitle" time="5.034" classname="com.qa.orangehrm.tests.LoginPageTest"/>
  <testcase name="verifyForgetPassLink" time="5.05" classname="com.qa.orangehrm.tests.LoginPageTest"/>
  <testcase name="loginTest" time="45.244" classname="com.qa.orangehrm.tests.LoginPageTest">
    <failure type="java.lang.NullPointerException">
      <![CDATA[java.lang.NullPointerException
at com.qa.orangehrm.tests.LoginPageTest.loginTest(LoginPageTest.java:83)
at java.util.ArrayList.forEach(ArrayList.java:1257)
... Removed 27 stack frames]]>
    </failure>
  </testcase> <!-- loginTest -->
  <testcase name="Login_InvalidTestCase" time="0.0" classname="com.qa.orangehrm.tests.LoginPageTest">
    <ignored/>
  </testcase> <!-- Login_InvalidTestCase -->
</testsuite> <!-- Orange HRM Regression Tests -->
