<?xml version="1.0" encoding="UTF-8"?>
<!-- Generated by org.testng.reporters.JUnitXMLReporter -->
<testsuite hostname="mrsz.local" ignored="1" name="Orange HRM Parallel  Tests -- firefox" tests="3" failures="0" timestamp="2020-10-20T12:41:04 CDT" time="71.855" errors="0">
  <testcase name="verifyLoginPageTitle" time="14.407" classname="com.qa.orangehrm.tests.LoginPageTest"/>
  <testcase name="verifyForgetPassLink" time="16.301" classname="com.qa.orangehrm.tests.LoginPageTest"/>
  <testcase name="loginTest" time="7.43" classname="com.qa.orangehrm.tests.LoginPageTest"/>
  <testcase name="Login_InvalidTestCase" time="0.0" classname="com.qa.orangehrm.tests.LoginPageTest">
    <ignored/>
  </testcase> <!-- Login_InvalidTestCase -->
</testsuite> <!-- Orange HRM Parallel  Tests - firefox -->
