<?xml version="1.0" encoding="UTF-8"?>
<!-- Generated by org.testng.reporters.JUnitXMLReporter -->
<testsuite hostname="mrsz.local" ignored="1" name="Orange HRM Parallel  Tests -- chrome" tests="7" failures="0" timestamp="2020-10-20T12:40:59 CDT" time="66.546" errors="0">
  <testcase name="verifyHomePageTitle" time="5.73" classname="com.qa.orangehrm.tests.HomePageTest"/>
  <testcase name="verifyLoginPageTitle" time="12.141" classname="com.qa.orangehrm.tests.LoginPageTest"/>
  <testcase name="verifyHomePageHeader" time="6.776" classname="com.qa.orangehrm.tests.HomePageTest"/>
  <testcase name="verifyLoggedInUserAccount" time="6.785" classname="com.qa.orangehrm.tests.HomePageTest"/>
  <testcase name="verifyForgetPassLink" time="18.092" classname="com.qa.orangehrm.tests.LoginPageTest"/>
  <testcase name="verifyAuthentication" time="6.473" classname="com.qa.orangehrm.tests.HomePageTest"/>
  <testcase name="loginTest" time="14.547" classname="com.qa.orangehrm.tests.LoginPageTest"/>
  <testcase name="Login_InvalidTestCase" time="0.0" classname="com.qa.orangehrm.tests.LoginPageTest">
    <ignored/>
  </testcase> <!-- Login_InvalidTestCase -->
</testsuite> <!-- Orange HRM Parallel  Tests - chrome -->
