<?xml version="1.0" encoding="UTF-8"?>
<testng-results skipped="0" failed="0" ignored="1" total="3" passed="2">
  <reporter-output>
  </reporter-output>
  <suite name="Command line suite" duration-ms="8341" started-at="2020-10-19T17:16:18Z" finished-at="2020-10-19T17:16:26Z">
    <groups>
    </groups>
    <test name="Command line test" duration-ms="8341" started-at="2020-10-19T17:16:18Z" finished-at="2020-10-19T17:16:26Z">
      <class name="com.qa.orangehrm.tests.LoginPageTest">
        <test-method status="PASS" signature="setUp()[pri:0, instance:com.qa.orangehrm.tests.LoginPageTest@79b4d0f]" name="setUp" is-config="true" duration-ms="2144" started-at="2020-10-19T17:16:24Z" finished-at="2020-10-19T17:16:26Z">
          <reporter-output>
          </reporter-output>
        </test-method> <!-- setUp -->
        <test-method status="PASS" signature="verifyLoginPageTitle()[pri:1, instance:com.qa.orangehrm.tests.LoginPageTest@79b4d0f]" name="verifyLoginPageTitle" duration-ms="7" started-at="2020-10-19T17:16:26Z" description="verify page title method" finished-at="2020-10-19T17:16:26Z">
          <reporter-output>
          </reporter-output>
        </test-method> <!-- verifyLoginPageTitle -->
        <test-method status="PASS" signature="tearDown()[pri:0, instance:com.qa.orangehrm.tests.LoginPageTest@79b4d0f]" name="tearDown" is-config="true" duration-ms="85" started-at="2020-10-19T17:16:26Z" finished-at="2020-10-19T17:16:26Z">
          <reporter-output>
          </reporter-output>
        </test-method> <!-- tearDown -->
      </class> <!-- com.qa.orangehrm.tests.LoginPageTest -->
      <class name="com.qa.orangehrm.tests.HomePageTest">
        <test-method status="PASS" signature="setUp()[pri:0, instance:com.qa.orangehrm.tests.HomePageTest@3fb6a447]" name="setUp" is-config="true" duration-ms="6003" started-at="2020-10-19T17:16:18Z" finished-at="2020-10-19T17:16:24Z">
          <reporter-output>
          </reporter-output>
        </test-method> <!-- setUp -->
        <test-method status="PASS" signature="verifyHomePageTitle()[pri:1, instance:com.qa.orangehrm.tests.HomePageTest@3fb6a447]" name="verifyHomePageTitle" duration-ms="6" started-at="2020-10-19T17:16:24Z" description="veriyf home page title" finished-at="2020-10-19T17:16:24Z">
          <reporter-output>
          </reporter-output>
        </test-method> <!-- verifyHomePageTitle -->
        <test-method status="PASS" signature="tearDown()[pri:0, instance:com.qa.orangehrm.tests.HomePageTest@3fb6a447]" name="tearDown" is-config="true" duration-ms="77" started-at="2020-10-19T17:16:24Z" finished-at="2020-10-19T17:16:24Z">
          <reporter-output>
          </reporter-output>
        </test-method> <!-- tearDown -->
      </class> <!-- com.qa.orangehrm.tests.HomePageTest -->
    </test> <!-- Command line test -->
  </suite> <!-- Command line suite -->
</testng-results>
